A51 MACRO ASSEMBLER  INTER                                                                04/09/2025 20:20:42 PAGE     1


MACRO ASSEMBLER A51 V8.2.7.0
OBJECT MODULE PLACED IN .\Objects\inter.obj
ASSEMBLER INVOKED BY: C:\Keil_v5\C51\BIN\A51.EXE inter.a51 SET(SMALL) DEBUG PRINT(.\Listings\inter.lst) OBJECT(.\Objects
                      \inter.obj) EP

LOC  OBJ            LINE     SOURCE

0000                   1     ORG 0000H
0000 020030            2             LJMP MAIN
0013                   3             ORG 0013H
0013 B290              4                     CPL P1.0
0015 32                5                     RETI
                       6                     
0030                   7                     ORG 0030H
0030                   8                             MAIN:
0030 D2AF              9                             SETB EA
0032 D2AA             10                             SETB EX1
0034 D28A             11                             SETB IT1
0036 D290             12                             SETB P1.0
                      13                             
0038                  14                             LOOP:
0038 80FE             15                             SJMP LOOP
                      16                             END
A51 MACRO ASSEMBLER  INTER                                                                04/09/2025 20:20:42 PAGE     2

SYMBOL TABLE LISTING
------ ----- -------


N A M E             T Y P E  V A L U E   ATTRIBUTES

EA . . . . . . . .  B ADDR   00A8H.7 A   
EX1. . . . . . . .  B ADDR   00A8H.2 A   
IT1. . . . . . . .  B ADDR   0088H.2 A   
LOOP . . . . . . .  C ADDR   0038H   A   
MAIN . . . . . . .  C ADDR   0030H   A   
P1 . . . . . . . .  D ADDR   0090H   A   


REGISTER BANK(S) USED: 0 


ASSEMBLY COMPLETE.  0 WARNING(S), 0 ERROR(S)
